<?xml version="1.0" encoding="UTF-8"?>
<!-- Generated by org.testng.reporters.JUnitReportReporter -->
<testsuite hostname="Lenovo-PC" name="com.testng.Rates" tests="2" failures="0" timestamp="26 Dec 2020 02:28:40 GMT" time="1.339" errors="0">
  <testcase name="verifyFHAtextpage" time="0.169" classname="com.testng.Rates"/>
  <testcase name="fhaloancalculator" time="1.170" classname="com.testng.Rates"/>
</testsuite> <!-- com.testng.Rates -->
